2023.08.22 08:58:53 INFO  Started: Metals version 1.0.0 in folders 'C:\Users\User\Documents\Scala progarams\Tutorial09' for client Visual Studio Code 1.81.1.
Aug 22, 2023 8:58:53 AM org.flywaydb.core.internal.license.VersionPrinter printVersionOnly
INFO: Flyway Community Edition 9.20.1 by Redgate
Aug 22, 2023 8:58:53 AM org.flywaydb.core.internal.license.VersionPrinter printVersion
INFO: See release notes here: https://rd.gt/416ObMi
Aug 22, 2023 8:58:53 AM org.flywaydb.core.internal.license.VersionPrinter printVersion
INFO: 
Aug 22, 2023 8:58:53 AM org.flywaydb.core.internal.database.base.BaseDatabaseType createDatabase
INFO: Database: jdbc:h2:file:C:\Users\User\Documents\Scala progarams\Tutorial09\.metals\metals (H2 2.1)
Aug 22, 2023 8:58:53 AM org.flywaydb.core.internal.schemahistory.JdbcTableSchemaHistory allAppliedMigrations
INFO: Schema history table "PUBLIC"."flyway_schema_history" does not exist yet
Aug 22, 2023 8:58:53 AM org.flywaydb.core.internal.command.DbValidate validate
INFO: Successfully validated 4 migrations (execution time 00:00.014s)
Aug 22, 2023 8:58:53 AM org.flywaydb.core.internal.schemahistory.JdbcTableSchemaHistory create
INFO: Creating Schema History table "PUBLIC"."flyway_schema_history" ...
Aug 22, 2023 8:58:53 AM org.flywaydb.core.internal.command.DbMigrate migrateGroup
INFO: Current version of schema "PUBLIC": << Empty Schema >>
Aug 22, 2023 8:58:53 AM org.flywaydb.core.internal.command.DbMigrate doMigrateGroup
INFO: Migrating schema "PUBLIC" to version "1 - Create tables"
Aug 22, 2023 8:58:53 AM org.flywaydb.core.internal.command.DbMigrate doMigrateGroup
INFO: Migrating schema "PUBLIC" to version "2 - Server discovery"
Aug 22, 2023 8:58:53 AM org.flywaydb.core.internal.command.DbMigrate doMigrateGroup
INFO: Migrating schema "PUBLIC" to version "3 - Jar symbols"
Aug 22, 2023 8:58:53 AM org.flywaydb.core.internal.command.DbMigrate doMigrateGroup
INFO: Migrating schema "PUBLIC" to version "4 - Fingerprints"
Aug 22, 2023 8:58:53 AM org.flywaydb.core.internal.command.DbMigrate logSummary
INFO: Successfully applied 4 migrations to schema "PUBLIC", now at version v4 (execution time 00:00.014s)
2023.08.22 08:58:53 INFO  time: initialize in 0.53s
Aug 22, 2023 8:58:55 AM org.eclipse.lsp4j.jsonrpc.RemoteEndpoint handleCancellation
WARNING: Unmatched cancel notification for request id 1
2023.08.22 08:59:02 INFO  Running List(C:\Program Files\scala-cli-x86_64-pc-win32\scala-cli.EXE, setup-ide, C:\Users\User\Documents\Scala progarams\Tutorial09)
2023.08.22 08:59:02 INFO  Attempting to connect to the build server...
2023.08.22 08:59:02 INFO  Running BSP server List(C:\Program Files\scala-cli-x86_64-pc-win32\scala-cli.EXE, bsp, --json-options, C:\Users\User\Documents\Scala progarams\Tutorial09\.scala-build\ide-options-v2.json, C:\Users\User\Documents\Scala progarams\Tutorial09)
2023.08.22 08:59:02 WARN  No build session currently active to reload.
2023.08.22 08:59:02 INFO  tracing is disabled for protocol BSP, to enable tracing of incoming and outgoing JSON messages create an empty file at C:\Users\User\Documents\Scala progarams\Tutorial09\.metals\bsp.trace.json or C:\Users\User\AppData\Local\scalameta\metals\cache\bsp.trace.json
2023.08.22 08:59:04 INFO  BSP server: Checking https://github.com/coursier/jvm-index/raw/master/index.json
2023.08.22 08:59:04 INFO  BSP server: Checked https://github.com/coursier/jvm-index/raw/master/index.json
2023.08.22 08:59:04 INFO  BSP server: Downloading https://github.com/coursier/jvm-index/raw/master/index.json
2023.08.22 08:59:06 INFO  BSP server: Downloaded https://github.com/coursier/jvm-index/raw/master/index.json
2023.08.22 08:59:06 INFO  no build target found for C:\Users\User\Documents\Scala progarams\Tutorial09\src\Q2.scala. Using presentation compiler with project's scala-library version: 3.3.0
2023.08.22 08:59:06 INFO  BSP server: Starting compilation server
2023.08.22 08:59:08 INFO  time: code lens generation in 12s
2023.08.22 08:59:11 WARN  no build target for: C:\Users\User\Documents\Scala progarams\Tutorial09\src\Q3.scala
2023.08.22 08:59:22 ERROR Timeout waiting for 'build/initialize' response
2023.08.22 08:59:22 WARN  Retrying connection to the build server scala-cli
2023.08.22 08:59:22 INFO  Running BSP server List(C:\Program Files\scala-cli-x86_64-pc-win32\scala-cli.EXE, bsp, --json-options, C:\Users\User\Documents\Scala progarams\Tutorial09\.scala-build\ide-options-v2.json, C:\Users\User\Documents\Scala progarams\Tutorial09)
2023.08.22 08:59:22 INFO  tracing is disabled for protocol BSP, to enable tracing of incoming and outgoing JSON messages create an empty file at C:\Users\User\Documents\Scala progarams\Tutorial09\.metals\bsp.trace.json or C:\Users\User\AppData\Local\scalameta\metals\cache\bsp.trace.json
2023.08.22 08:59:23 INFO  BSP server: Starting compilation server
2023.08.22 08:59:42 ERROR Timeout waiting for 'build/initialize' response
2023.08.22 08:59:42 WARN  Retrying connection to the build server scala-cli
2023.08.22 08:59:42 INFO  Running BSP server List(C:\Program Files\scala-cli-x86_64-pc-win32\scala-cli.EXE, bsp, --json-options, C:\Users\User\Documents\Scala progarams\Tutorial09\.scala-build\ide-options-v2.json, C:\Users\User\Documents\Scala progarams\Tutorial09)
2023.08.22 08:59:42 INFO  tracing is disabled for protocol BSP, to enable tracing of incoming and outgoing JSON messages create an empty file at C:\Users\User\Documents\Scala progarams\Tutorial09\.metals\bsp.trace.json or C:\Users\User\AppData\Local\scalameta\metals\cache\bsp.trace.json
2023.08.22 08:59:43 INFO  BSP server: Starting compilation server
2023.08.22 09:00:02 ERROR Timeout waiting for 'build/initialize' response
2023.08.22 09:00:02 WARN  Retrying connection to the build server scala-cli
2023.08.22 09:00:02 INFO  Running BSP server List(C:\Program Files\scala-cli-x86_64-pc-win32\scala-cli.EXE, bsp, --json-options, C:\Users\User\Documents\Scala progarams\Tutorial09\.scala-build\ide-options-v2.json, C:\Users\User\Documents\Scala progarams\Tutorial09)
2023.08.22 09:00:02 INFO  tracing is disabled for protocol BSP, to enable tracing of incoming and outgoing JSON messages create an empty file at C:\Users\User\Documents\Scala progarams\Tutorial09\.metals\bsp.trace.json or C:\Users\User\AppData\Local\scalameta\metals\cache\bsp.trace.json
2023.08.22 09:00:03 INFO  BSP server: Starting compilation server
2023.08.22 09:00:22 ERROR Timeout waiting for 'build/initialize' response
2023.08.22 09:00:22 WARN  Retrying connection to the build server scala-cli
2023.08.22 09:00:22 INFO  Running BSP server List(C:\Program Files\scala-cli-x86_64-pc-win32\scala-cli.EXE, bsp, --json-options, C:\Users\User\Documents\Scala progarams\Tutorial09\.scala-build\ide-options-v2.json, C:\Users\User\Documents\Scala progarams\Tutorial09)
2023.08.22 09:00:22 INFO  tracing is disabled for protocol BSP, to enable tracing of incoming and outgoing JSON messages create an empty file at C:\Users\User\Documents\Scala progarams\Tutorial09\.metals\bsp.trace.json or C:\Users\User\AppData\Local\scalameta\metals\cache\bsp.trace.json
2023.08.22 09:00:23 INFO  BSP server: Starting compilation server
2023.08.22 09:00:42 ERROR Timeout waiting for 'build/initialize' response
2023.08.22 09:00:42 WARN  Retrying connection to the build server scala-cli
2023.08.22 09:00:42 INFO  Running BSP server List(C:\Program Files\scala-cli-x86_64-pc-win32\scala-cli.EXE, bsp, --json-options, C:\Users\User\Documents\Scala progarams\Tutorial09\.scala-build\ide-options-v2.json, C:\Users\User\Documents\Scala progarams\Tutorial09)
2023.08.22 09:00:42 INFO  tracing is disabled for protocol BSP, to enable tracing of incoming and outgoing JSON messages create an empty file at C:\Users\User\Documents\Scala progarams\Tutorial09\.metals\bsp.trace.json or C:\Users\User\AppData\Local\scalameta\metals\cache\bsp.trace.json
2023.08.22 09:00:42 WARN  no build target for: C:\Users\User\Documents\Scala progarams\Tutorial09\src\Q4.scala
2023.08.22 09:00:43 INFO  BSP server: Starting compilation server
2023.08.22 09:01:02 ERROR Timeout waiting for 'build/initialize' response
2023.08.22 09:01:02 ERROR Failed to connect with build server, no functionality will work.
java.util.concurrent.TimeoutException
	at java.util.concurrent.CompletableFuture.timedGet(CompletableFuture.java:1886)
	at java.util.concurrent.CompletableFuture.get(CompletableFuture.java:2021)
	at scala.meta.internal.metals.BuildServerConnection$.initialize(BuildServerConnection.scala:530)
	at scala.meta.internal.metals.BuildServerConnection$.$anonfun$fromSockets$1(BuildServerConnection.scala:439)
	at scala.concurrent.impl.Promise$Transformation.run(Promise.scala:467)
	at java.util.concurrent.ThreadPoolExecutor.runWorker(ThreadPoolExecutor.java:1128)
	at java.util.concurrent.ThreadPoolExecutor$Worker.run(ThreadPoolExecutor.java:628)
	at java.lang.Thread.run(Thread.java:829)

2023.08.22 09:01:02 WARN  no build target for: C:\Users\User\Documents\Scala progarams\Tutorial09\src\Q4.scala
2023.08.22 09:01:02 WARN  no build target for: C:\Users\User\Documents\Scala progarams\Tutorial09\src\Q2.scala
2023.08.22 09:01:02 WARN  no build target for: C:\Users\User\Documents\Scala progarams\Tutorial09\src\Q3.scala
2023.08.22 09:04:14 WARN  no build target for: C:\Users\User\Documents\Scala progarams\Tutorial09\src\Q1.scala
2023.08.22 09:04:15 WARN  no build target for: C:\Users\User\Documents\Scala progarams\Tutorial09\src\Q2.scala
2023.08.22 09:04:30 WARN  no build target for: C:\Users\User\Documents\Scala progarams\Tutorial09\src\Q2.scala
2023.08.22 09:04:40 WARN  no build target for: C:\Users\User\Documents\Scala progarams\Tutorial09\src\Q1.scala
